mode: atomic
github.com/zyrthi-io/zyrthi-build/config.go:50.47,52.16 2 4
github.com/zyrthi-io/zyrthi-build/config.go:52.16,54.3 1 0
github.com/zyrthi-io/zyrthi-build/config.go:56.2,57.16 2 4
github.com/zyrthi-io/zyrthi-build/config.go:57.16,59.3 1 1
github.com/zyrthi-io/zyrthi-build/config.go:61.2,62.51 2 3
github.com/zyrthi-io/zyrthi-build/config.go:62.51,64.3 1 1
github.com/zyrthi-io/zyrthi-build/config.go:67.2,67.28 1 2
github.com/zyrthi-io/zyrthi-build/config.go:67.28,69.3 1 1
github.com/zyrthi-io/zyrthi-build/config.go:70.2,70.35 1 2
github.com/zyrthi-io/zyrthi-build/config.go:70.35,72.3 1 1
github.com/zyrthi-io/zyrthi-build/config.go:74.2,74.18 1 2
github.com/zyrthi-io/zyrthi-build/config.go:78.60,80.26 2 1
github.com/zyrthi-io/zyrthi-build/config.go:80.26,82.3 1 2
github.com/zyrthi-io/zyrthi-build/config.go:84.2,85.16 2 1
github.com/zyrthi-io/zyrthi-build/config.go:85.16,87.3 1 0
github.com/zyrthi-io/zyrthi-build/config.go:89.2,89.58 1 1
github.com/zyrthi-io/zyrthi-build/main.go:18.13,23.16 3 0
github.com/zyrthi-io/zyrthi-build/main.go:23.16,26.3 2 0
github.com/zyrthi-io/zyrthi-build/main.go:29.2,29.16 1 0
github.com/zyrthi-io/zyrthi-build/main.go:29.16,32.3 2 0
github.com/zyrthi-io/zyrthi-build/main.go:35.2,35.44 1 0
github.com/zyrthi-io/zyrthi-build/main.go:35.44,38.3 2 0
github.com/zyrthi-io/zyrthi-build/main.go:41.2,41.35 1 0
github.com/zyrthi-io/zyrthi-build/main.go:41.35,44.3 2 0
github.com/zyrthi-io/zyrthi-build/main.go:46.2,46.29 1 0
github.com/zyrthi-io/zyrthi-build/main.go:50.40,52.18 2 0
github.com/zyrthi-io/zyrthi-build/main.go:52.18,54.3 1 0
github.com/zyrthi-io/zyrthi-build/main.go:56.2,57.29 2 0
github.com/zyrthi-io/zyrthi-build/main.go:57.29,59.47 2 0
github.com/zyrthi-io/zyrthi-build/main.go:59.47,61.4 1 0
github.com/zyrthi-io/zyrthi-build/main.go:64.2,64.12 1 0
github.com/zyrthi-io/zyrthi-build/main.go:68.31,72.52 2 0
github.com/zyrthi-io/zyrthi-build/main.go:72.52,74.3 1 0
github.com/zyrthi-io/zyrthi-build/main.go:77.2,78.16 2 0
github.com/zyrthi-io/zyrthi-build/main.go:78.16,80.3 1 0
github.com/zyrthi-io/zyrthi-build/main.go:82.2,82.23 1 0
github.com/zyrthi-io/zyrthi-build/main.go:82.23,84.3 1 0
github.com/zyrthi-io/zyrthi-build/main.go:86.2,92.30 4 0
github.com/zyrthi-io/zyrthi-build/main.go:92.30,104.19 5 0
github.com/zyrthi-io/zyrthi-build/main.go:104.19,106.4 1 0
github.com/zyrthi-io/zyrthi-build/main.go:108.3,108.35 1 0
github.com/zyrthi-io/zyrthi-build/main.go:108.35,110.4 1 0
github.com/zyrthi-io/zyrthi-build/main.go:114.2,114.62 1 0
github.com/zyrthi-io/zyrthi-build/main.go:114.62,116.3 1 0
github.com/zyrthi-io/zyrthi-build/main.go:119.2,120.52 2 0
github.com/zyrthi-io/zyrthi-build/main.go:120.52,122.3 1 0
github.com/zyrthi-io/zyrthi-build/main.go:125.2,126.55 2 0
github.com/zyrthi-io/zyrthi-build/main.go:126.55,128.3 1 0
github.com/zyrthi-io/zyrthi-build/main.go:131.2,133.12 2 0
github.com/zyrthi-io/zyrthi-build/main.go:137.52,140.42 2 3
github.com/zyrthi-io/zyrthi-build/main.go:140.42,141.82 1 2
github.com/zyrthi-io/zyrthi-build/main.go:141.82,142.18 1 5
github.com/zyrthi-io/zyrthi-build/main.go:142.18,144.5 1 1
github.com/zyrthi-io/zyrthi-build/main.go:145.4,145.20 1 4
github.com/zyrthi-io/zyrthi-build/main.go:145.20,147.5 1 1
github.com/zyrthi-io/zyrthi-build/main.go:148.4,149.52 2 3
github.com/zyrthi-io/zyrthi-build/main.go:149.52,151.5 1 2
github.com/zyrthi-io/zyrthi-build/main.go:152.4,152.14 1 3
github.com/zyrthi-io/zyrthi-build/main.go:154.3,154.17 1 2
github.com/zyrthi-io/zyrthi-build/main.go:154.17,156.4 1 1
github.com/zyrthi-io/zyrthi-build/main.go:159.2,159.21 1 2
github.com/zyrthi-io/zyrthi-build/main.go:163.76,171.44 4 0
github.com/zyrthi-io/zyrthi-build/main.go:171.44,173.3 1 0
github.com/zyrthi-io/zyrthi-build/main.go:176.2,188.20 7 0
github.com/zyrthi-io/zyrthi-build/main.go:192.63,204.18 5 0
github.com/zyrthi-io/zyrthi-build/main.go:204.18,206.3 1 0
github.com/zyrthi-io/zyrthi-build/main.go:208.2,212.18 4 0
github.com/zyrthi-io/zyrthi-build/main.go:216.50,221.2 4 0
github.com/zyrthi-io/zyrthi-build/main.go:224.40,229.2 4 0
github.com/zyrthi-io/zyrthi-build/main.go:232.30,234.45 2 0
github.com/zyrthi-io/zyrthi-build/main.go:234.45,237.3 2 0
github.com/zyrthi-io/zyrthi-build/main.go:240.2,240.36 1 0
